sample.interval=20000
"lm.wfit" "lm" "lm1" "lm_each_boot" "FUN" "lapply" "sapply" "replicate" "lm_each_subsample" ".f" "map" "blblm::blblm" 
"lm.wfit" "lm" "lm1" "lm_each_boot" "FUN" "lapply" "sapply" "replicate" "lm_each_subsample" ".f" "map" "blblm::blblm" 
".deparseOpts" "deparse" "paste" "FUN" "vapply" ".getXlevels" "lm" "lm1" "lm_each_boot" "FUN" "lapply" "sapply" "replicate" "lm_each_subsample" ".f" "map" "blblm::blblm" 
".deparseOpts" "deparse" "paste" "FUN" "vapply" ".getXlevels" "lm" "lm1" "lm_each_boot" "FUN" "lapply" "sapply" "replicate" "lm_each_subsample" ".f" "map" "blblm::blblm" 
".deparseOpts" "deparse" "paste" "FUN" "vapply" ".getXlevels" "lm" "lm1" "lm_each_boot" "FUN" "lapply" "sapply" "replicate" "lm_each_subsample" ".f" "map" "blblm::blblm" 
".deparseOpts" "deparse" "paste" "FUN" "vapply" ".getXlevels" "lm" "lm1" "lm_each_boot" "FUN" "lapply" "sapply" "replicate" "lm_each_subsample" ".f" "map" "blblm::blblm" 
"na.omit.data.frame" "na.omit" ".External2" "model.frame.default" "stats::model.frame" "eval" "eval" "lm" "lm1" "lm_each_boot" "FUN" "lapply" "sapply" "replicate" "lm_each_subsample" ".f" "map" "blblm::blblm" 
".subset2" "<Anonymous>" "[[.data.frame" "[[" "model.matrix.default" "model.matrix" "lm" "lm1" "lm_each_boot" "FUN" "lapply" "sapply" "replicate" "lm_each_subsample" ".f" "map" "blblm::blblm" 
"model.frame.default" "stats::model.frame" "eval" "eval" "lm" "lm1" "lm_each_boot" "FUN" "lapply" "sapply" "replicate" "lm_each_subsample" ".f" "map" "blblm::blblm" 
"deparse" "paste" "FUN" "vapply" ".getXlevels" "lm" "lm1" "lm_each_boot" "FUN" "lapply" "sapply" "replicate" "lm_each_subsample" ".f" "map" "blblm::blblm" 
"lm.wfit" "lm" "lm1" "lm_each_boot" "FUN" "lapply" "sapply" "replicate" "lm_each_subsample" ".f" "map" "blblm::blblm" 
"deparse" "paste" "FUN" "vapply" ".getXlevels" "lm" "lm1" "lm_each_boot" "FUN" "lapply" "sapply" "replicate" "lm_each_subsample" ".f" "map" "blblm::blblm" 
"deparse" "paste" "FUN" "vapply" ".getXlevels" "lm" "lm1" "lm_each_boot" "FUN" "lapply" "sapply" "replicate" "lm_each_subsample" ".f" "map" "blblm::blblm" 
"deparse" "paste" "FUN" "vapply" ".getXlevels" "lm" "lm1" "lm_each_boot" "FUN" "lapply" "sapply" "replicate" "lm_each_subsample" ".f" "map" "blblm::blblm" 
"deparse" "paste" "FUN" "vapply" ".getXlevels" "lm" "lm1" "lm_each_boot" "FUN" "lapply" "sapply" "replicate" "lm_each_subsample" ".f" "map" "blblm::blblm" 
"deparse" "paste" "FUN" "vapply" ".getXlevels" "lm" "lm1" "lm_each_boot" "FUN" "lapply" "sapply" "replicate" "lm_each_subsample" ".f" "map" "blblm::blblm" 
"deparse" "paste" "FUN" "vapply" ".getXlevels" "lm" "lm1" "lm_each_boot" "FUN" "lapply" "sapply" "replicate" "lm_each_subsample" ".f" "map" "blblm::blblm" 
"deparse" "paste" "FUN" "vapply" ".getXlevels" "lm" "lm1" "lm_each_boot" "FUN" "lapply" "sapply" "replicate" "lm_each_subsample" ".f" "map" "blblm::blblm" 
"deparse" "paste" "FUN" "vapply" ".getXlevels" "lm" "lm1" "lm_each_boot" "FUN" "lapply" "sapply" "replicate" "lm_each_subsample" ".f" "map" "blblm::blblm" 
"deparse" "paste" "FUN" "vapply" ".getXlevels" "lm" "lm1" "lm_each_boot" "FUN" "lapply" "sapply" "replicate" "lm_each_subsample" ".f" "map" "blblm::blblm" 
"deparse" "paste" "FUN" "vapply" ".getXlevels" "lm" "lm1" "lm_each_boot" "FUN" "lapply" "sapply" "replicate" "lm_each_subsample" ".f" "map" "blblm::blblm" 
"deparse" "paste" "FUN" "vapply" ".getXlevels" "lm" "lm1" "lm_each_boot" "FUN" "lapply" "sapply" "replicate" "lm_each_subsample" ".f" "map" "blblm::blblm" 
"deparse" "paste" "FUN" "vapply" ".getXlevels" "lm" "lm1" "lm_each_boot" "FUN" "lapply" "sapply" "replicate" "lm_each_subsample" ".f" "map" "blblm::blblm" 
"deparse" "paste" "FUN" "vapply" ".getXlevels" "lm" "lm1" "lm_each_boot" "FUN" "lapply" "sapply" "replicate" "lm_each_subsample" ".f" "map" "blblm::blblm" 
"deparse" "paste" "FUN" "vapply" ".getXlevels" "lm" "lm1" "lm_each_boot" "FUN" "lapply" "sapply" "replicate" "lm_each_subsample" ".f" "map" "blblm::blblm" 
"deparse" "paste" "FUN" "vapply" ".getXlevels" "lm" "lm1" "lm_each_boot" "FUN" "lapply" "sapply" "replicate" "lm_each_subsample" ".f" "map" "blblm::blblm" 
"deparse" "paste" "FUN" "vapply" ".getXlevels" "lm" "lm1" "lm_each_boot" "FUN" "lapply" "sapply" "replicate" "lm_each_subsample" ".f" "map" "blblm::blblm" 
"deparse" "paste" "FUN" "vapply" ".getXlevels" "lm" "lm1" "lm_each_boot" "FUN" "lapply" "sapply" "replicate" "lm_each_subsample" ".f" "map" "blblm::blblm" 
"deparse" "paste" "FUN" "vapply" ".getXlevels" "lm" "lm1" "lm_each_boot" "FUN" "lapply" "sapply" "replicate" "lm_each_subsample" ".f" "map" "blblm::blblm" 
".deparseOpts" "deparse" "paste" "FUN" "vapply" "model.matrix.default" "model.matrix" "lm" "lm1" "lm_each_boot" "FUN" "lapply" "sapply" "replicate" "lm_each_subsample" ".f" "map" "blblm::blblm" 
"lm.wfit" "lm" "lm1" "lm_each_boot" "FUN" "lapply" "sapply" "replicate" "lm_each_subsample" ".f" "map" "blblm::blblm" 
"lm.wfit" "lm" "lm1" "lm_each_boot" "FUN" "lapply" "sapply" "replicate" "lm_each_subsample" ".f" "map" "blblm::blblm" 
"length" "length" "dim.data.frame" "dim" "dim" "nrow" "model.extract" "blbsigma" "lm1" "lm_each_boot" "FUN" "lapply" "sapply" "replicate" "lm_each_subsample" ".f" "map" "blblm::blblm" 
"lm.wfit" "lm" "lm1" "lm_each_boot" "FUN" "lapply" "sapply" "replicate" "lm_each_subsample" ".f" "map" "blblm::blblm" 
".External2" "model.matrix.default" "model.matrix" "lm" "lm1" "lm_each_boot" "FUN" "lapply" "sapply" "replicate" "lm_each_subsample" ".f" "map" "blblm::blblm" 
"[[" "model.matrix.default" "model.matrix" "lm" "lm1" "lm_each_boot" "FUN" "lapply" "sapply" "replicate" "lm_each_subsample" ".f" "map" "blblm::blblm" 
"lm.wfit" "lm" "lm1" "lm_each_boot" "FUN" "lapply" "sapply" "replicate" "lm_each_subsample" ".f" "map" "blblm::blblm" 
"[.data.frame" "[" "na.omit.data.frame" "na.omit" ".External2" "model.frame.default" "stats::model.frame" "eval" "eval" "lm" "lm1" "lm_each_boot" "FUN" "lapply" "sapply" "replicate" "lm_each_subsample" ".f" "map" "blblm::blblm" 
"%in%" "[[.data.frame" "[[" "model.matrix.default" "model.matrix" "lm" "lm1" "lm_each_boot" "FUN" "lapply" "sapply" "replicate" "lm_each_subsample" ".f" "map" "blblm::blblm" 
"FUN" "vapply" "model.matrix.default" "model.matrix" "lm" "lm1" "lm_each_boot" "FUN" "lapply" "sapply" "replicate" "lm_each_subsample" ".f" "map" "blblm::blblm" 
"lm" "lm1" "lm_each_boot" "FUN" "lapply" "sapply" "replicate" "lm_each_subsample" ".f" "map" "blblm::blblm" 
"FUN" "vapply" "model.frame.default" "stats::model.frame" "eval" "eval" "lm" "lm1" "lm_each_boot" "FUN" "lapply" "sapply" "replicate" "lm_each_subsample" ".f" "map" "blblm::blblm" 
"lm.wfit" "lm" "lm1" "lm_each_boot" "FUN" "lapply" "sapply" "replicate" "lm_each_subsample" ".f" "map" "blblm::blblm" 
"lm.wfit" "lm" "lm1" "lm_each_boot" "FUN" "lapply" "sapply" "replicate" "lm_each_subsample" ".f" "map" "blblm::blblm" 
"%in%" ".deparseOpts" "deparse" "paste" "FUN" "vapply" "model.matrix.default" "model.matrix" "lm" "lm1" "lm_each_boot" "FUN" "lapply" "sapply" "replicate" "lm_each_subsample" ".f" "map" "blblm::blblm" 
".External" "terms.formula" "terms" "model.frame.default" "stats::model.frame" "eval" "eval" "lm" "lm1" "lm_each_boot" "FUN" "lapply" "sapply" "replicate" "lm_each_subsample" ".f" "map" "blblm::blblm" 
"FUN" "vapply" "model.frame.default" "stats::model.frame" "eval" "eval" "lm" "lm1" "lm_each_boot" "FUN" "lapply" "sapply" "replicate" "lm_each_subsample" ".f" "map" "blblm::blblm" 
"is.factor" "FUN" "vapply" "model.frame.default" "stats::model.frame" "eval" "eval" "lm" "lm1" "lm_each_boot" "FUN" "lapply" "sapply" "replicate" "lm_each_subsample" ".f" "map" "blblm::blblm" 
"lm.wfit" "lm" "lm1" "lm_each_boot" "FUN" "lapply" "sapply" "replicate" "lm_each_subsample" ".f" "map" "blblm::blblm" 
"eval" "lm" "lm1" "lm_each_boot" "FUN" "lapply" "sapply" "replicate" "lm_each_subsample" ".f" "map" "blblm::blblm" 
"rmultinom" "lm_each_boot" "FUN" "lapply" "sapply" "replicate" "lm_each_subsample" ".f" "map" "blblm::blblm" 
"lm.wfit" "lm" "lm1" "lm_each_boot" "FUN" "lapply" "sapply" "replicate" "lm_each_subsample" ".f" "map" "blblm::blblm" 
"lm.wfit" "lm" "lm1" "lm_each_boot" "FUN" "lapply" "sapply" "replicate" "lm_each_subsample" ".f" "map" "blblm::blblm" 
"lm.wfit" "lm" "lm1" "lm_each_boot" "FUN" "lapply" "sapply" "replicate" "lm_each_subsample" ".f" "map" "blblm::blblm" 
"lm.wfit" "lm" "lm1" "lm_each_boot" "FUN" "lapply" "sapply" "replicate" "lm_each_subsample" ".f" "map" "blblm::blblm" 
".deparseOpts" "deparse" "paste" "FUN" "vapply" ".getXlevels" "lm" "lm1" "lm_each_boot" "FUN" "lapply" "sapply" "replicate" "lm_each_subsample" ".f" "map" "blblm::blblm" 
"[[.data.frame" "[[" "model.frame.default" "stats::model.frame" "eval" "eval" "lm" "lm1" "lm_each_boot" "FUN" "lapply" "sapply" "replicate" "lm_each_subsample" ".f" "map" "blblm::blblm" 
"lm.wfit" "lm" "lm1" "lm_each_boot" "FUN" "lapply" "sapply" "replicate" "lm_each_subsample" ".f" "map" "blblm::blblm" 
"lm.wfit" "lm" "lm1" "lm_each_boot" "FUN" "lapply" "sapply" "replicate" "lm_each_subsample" ".f" "map" "blblm::blblm" 
"makepredictcall" "model.frame.default" "stats::model.frame" "eval" "eval" "lm" "lm1" "lm_each_boot" "FUN" "lapply" "sapply" "replicate" "lm_each_subsample" ".f" "map" "blblm::blblm" 
"model.response" "lm" "lm1" "lm_each_boot" "FUN" "lapply" "sapply" "replicate" "lm_each_subsample" ".f" "map" "blblm::blblm" 
"lm.wfit" "lm" "lm1" "lm_each_boot" "FUN" "lapply" "sapply" "replicate" "lm_each_subsample" ".f" "map" "blblm::blblm" 
"[.data.frame" "[" "na.omit.data.frame" "na.omit" ".External2" "model.frame.default" "stats::model.frame" "eval" "eval" "lm" "lm1" "lm_each_boot" "FUN" "lapply" "sapply" "replicate" "lm_each_subsample" ".f" "map" "blblm::blblm" 
".deparseOpts" "deparse" "paste" "FUN" "vapply" "model.frame.default" "stats::model.frame" "eval" "eval" "lm" "lm1" "lm_each_boot" "FUN" "lapply" "sapply" "replicate" "lm_each_subsample" ".f" "map" "blblm::blblm" 
"%in%" "[[.data.frame" "[[" "[.data.frame" "[" "na.omit.data.frame" "na.omit" ".External2" "model.frame.default" "stats::model.frame" "eval" "eval" "lm" "lm1" "lm_each_boot" "FUN" "lapply" "sapply" "replicate" "lm_each_subsample" ".f" "map" "blblm::blblm" 
"[[" "model.matrix.default" "model.matrix" "lm" "lm1" "lm_each_boot" "FUN" "lapply" "sapply" "replicate" "lm_each_subsample" ".f" "map" "blblm::blblm" 
"lm.wfit" "lm" "lm1" "lm_each_boot" "FUN" "lapply" "sapply" "replicate" "lm_each_subsample" ".f" "map" "blblm::blblm" 
"makepredictcall.default" "makepredictcall" "model.frame.default" "stats::model.frame" "eval" "eval" "lm" "lm1" "lm_each_boot" "FUN" "lapply" "sapply" "replicate" "lm_each_subsample" ".f" "map" "blblm::blblm" 
"lm.wfit" "lm" "lm1" "lm_each_boot" "FUN" "lapply" "sapply" "replicate" "lm_each_subsample" ".f" "map" "blblm::blblm" 
"[.data.frame" "[" "na.omit.data.frame" "na.omit" ".External2" "model.frame.default" "stats::model.frame" "eval" "eval" "lm" "lm1" "lm_each_boot" "FUN" "lapply" "sapply" "replicate" "lm_each_subsample" ".f" "map" "blblm::blblm" 
"match.fun" "vapply" "model.matrix.default" "model.matrix" "lm" "lm1" "lm_each_boot" "FUN" "lapply" "sapply" "replicate" "lm_each_subsample" ".f" "map" "blblm::blblm" 
"lm.wfit" "lm" "lm1" "lm_each_boot" "FUN" "lapply" "sapply" "replicate" "lm_each_subsample" ".f" "map" "blblm::blblm" 
"makepredictcall" "model.frame.default" "stats::model.frame" "eval" "eval" "lm" "lm1" "lm_each_boot" "FUN" "lapply" "sapply" "replicate" "lm_each_subsample" ".f" "map" "blblm::blblm" 
"<Anonymous>" "[[.data.frame" "[[" "model.frame.default" "stats::model.frame" "eval" "eval" "lm" "lm1" "lm_each_boot" "FUN" "lapply" "sapply" "replicate" "lm_each_subsample" ".f" "map" "blblm::blblm" 
"lm.wfit" "lm" "lm1" "lm_each_boot" "FUN" "lapply" "sapply" "replicate" "lm_each_subsample" ".f" "map" "blblm::blblm" 
"sys.call" "%in%" "[[.data.frame" "[[" "[.data.frame" "[" "na.omit.data.frame" "na.omit" ".External2" "model.frame.default" "stats::model.frame" "eval" "eval" "lm" "lm1" "lm_each_boot" "FUN" "lapply" "sapply" "replicate" "lm_each_subsample" ".f" "map" "blblm::blblm" 
"lm.wfit" "lm" "lm1" "lm_each_boot" "FUN" "lapply" "sapply" "replicate" "lm_each_subsample" ".f" "map" "blblm::blblm" 
"lm.wfit" "lm" "lm1" "lm_each_boot" "FUN" "lapply" "sapply" "replicate" "lm_each_subsample" ".f" "map" "blblm::blblm" 
"deparse" "paste" "FUN" "vapply" ".getXlevels" "lm" "lm1" "lm_each_boot" "FUN" "lapply" "sapply" "replicate" "lm_each_subsample" ".f" "map" "blblm::blblm" 
"lm.wfit" "lm" "lm1" "lm_each_boot" "FUN" "lapply" "sapply" "replicate" "lm_each_subsample" ".f" "map" "blblm::blblm" 
"eval" "eval" "model.frame.default" "stats::model.frame" "eval" "eval" "lm" "lm1" "lm_each_boot" "FUN" "lapply" "sapply" "replicate" "lm_each_subsample" ".f" "map" "blblm::blblm" 
"lm.wfit" "lm" "lm1" "lm_each_boot" "FUN" "lapply" "sapply" "replicate" "lm_each_subsample" ".f" "map" "blblm::blblm" 
"$<-" "lm" "lm1" "lm_each_boot" "FUN" "lapply" "sapply" "replicate" "lm_each_subsample" ".f" "map" "blblm::blblm" 
"%in%" ".deparseOpts" "deparse" "paste" "FUN" "vapply" "model.matrix.default" "model.matrix" "lm" "lm1" "lm_each_boot" "FUN" "lapply" "sapply" "replicate" "lm_each_subsample" ".f" "map" "blblm::blblm" 
"c" ".deparseOpts" "deparse" "paste" "FUN" "vapply" "model.matrix.default" "model.matrix" "lm" "lm1" "lm_each_boot" "FUN" "lapply" "sapply" "replicate" "lm_each_subsample" ".f" "map" "blblm::blblm" 
"lm.wfit" "lm" "lm1" "lm_each_boot" "FUN" "lapply" "sapply" "replicate" "lm_each_subsample" ".f" "map" "blblm::blblm" 
"lm.wfit" "lm" "lm1" "lm_each_boot" "FUN" "lapply" "sapply" "replicate" "lm_each_subsample" ".f" "map" "blblm::blblm" 
".deparseOpts" "deparse" "paste" "FUN" "vapply" "model.frame.default" "stats::model.frame" "eval" "eval" "lm" "lm1" "lm_each_boot" "FUN" "lapply" "sapply" "replicate" "lm_each_subsample" ".f" "map" "blblm::blblm" 
"na.omit.data.frame" "na.omit" ".External2" "model.frame.default" "stats::model.frame" "eval" "eval" "lm" "lm1" "lm_each_boot" "FUN" "lapply" "sapply" "replicate" "lm_each_subsample" ".f" "map" "blblm::blblm" 
".subset2" "<Anonymous>" "[[.data.frame" "[[" "model.frame.default" "stats::model.frame" "eval" "eval" "lm" "lm1" "lm_each_boot" "FUN" "lapply" "sapply" "replicate" "lm_each_subsample" ".f" "map" "blblm::blblm" 
"deparse" "paste" "FUN" "vapply" "model.matrix.default" "model.matrix" "lm" "lm1" "lm_each_boot" "FUN" "lapply" "sapply" "replicate" "lm_each_subsample" ".f" "map" "blblm::blblm" 
"lm.wfit" "lm" "lm1" "lm_each_boot" "FUN" "lapply" "sapply" "replicate" "lm_each_subsample" ".f" "map" "blblm::blblm" 
"lm.wfit" "lm" "lm1" "lm_each_boot" "FUN" "lapply" "sapply" "replicate" "lm_each_subsample" ".f" "map" "blblm::blblm" 
"na.omit.data.frame" "na.omit" ".External2" "model.frame.default" "stats::model.frame" "eval" "eval" "lm" "lm1" "lm_each_boot" "FUN" "lapply" "sapply" "replicate" "lm_each_subsample" ".f" "map" "blblm::blblm" 
"lm.wfit" "lm" "lm1" "lm_each_boot" "FUN" "lapply" "sapply" "replicate" "lm_each_subsample" ".f" "map" "blblm::blblm" 
"lm.wfit" "lm" "lm1" "lm_each_boot" "FUN" "lapply" "sapply" "replicate" "lm_each_subsample" ".f" "map" "blblm::blblm" 
"any" ".deparseOpts" "deparse" "paste" "FUN" "vapply" "model.frame.default" "stats::model.frame" "eval" "eval" "lm" "lm1" "lm_each_boot" "FUN" "lapply" "sapply" "replicate" "lm_each_subsample" ".f" "map" "blblm::blblm" 
"lm" "lm1" "lm_each_boot" "FUN" "lapply" "sapply" "replicate" "lm_each_subsample" ".f" "map" "blblm::blblm" 
"is.na" "na.omit.data.frame" "na.omit" ".External2" "model.frame.default" "stats::model.frame" "eval" "eval" "lm" "lm1" "lm_each_boot" "FUN" "lapply" "sapply" "replicate" "lm_each_subsample" ".f" "map" "blblm::blblm" 
"lm.wfit" "lm" "lm1" "lm_each_boot" "FUN" "lapply" "sapply" "replicate" "lm_each_subsample" ".f" "map" "blblm::blblm" 
"c" ".deparseOpts" "deparse" "paste" "FUN" "vapply" ".getXlevels" "lm" "lm1" "lm_each_boot" "FUN" "lapply" "sapply" "replicate" "lm_each_subsample" ".f" "map" "blblm::blblm" 
"[[.data.frame" "[[" "model.frame.default" "stats::model.frame" "eval" "eval" "lm" "lm1" "lm_each_boot" "FUN" "lapply" "sapply" "replicate" "lm_each_subsample" ".f" "map" "blblm::blblm" 
"deparse" "paste" "FUN" "vapply" "model.matrix.default" "model.matrix" "lm" "lm1" "lm_each_boot" "FUN" "lapply" "sapply" "replicate" "lm_each_subsample" ".f" "map" "blblm::blblm" 
"lm.wfit" "lm" "lm1" "lm_each_boot" "FUN" "lapply" "sapply" "replicate" "lm_each_subsample" ".f" "map" "blblm::blblm" 
"makepredictcall" "model.frame.default" "stats::model.frame" "eval" "eval" "lm" "lm1" "lm_each_boot" "FUN" "lapply" "sapply" "replicate" "lm_each_subsample" ".f" "map" "blblm::blblm" 
"[.data.frame" "[" "na.omit.data.frame" "na.omit" ".External2" "model.frame.default" "stats::model.frame" "eval" "eval" "lm" "lm1" "lm_each_boot" "FUN" "lapply" "sapply" "replicate" "lm_each_subsample" ".f" "map" "blblm::blblm" 
"vapply" "model.matrix.default" "model.matrix" "lm" "lm1" "lm_each_boot" "FUN" "lapply" "sapply" "replicate" "lm_each_subsample" ".f" "map" "blblm::blblm" 
"lm.wfit" "lm" "lm1" "lm_each_boot" "FUN" "lapply" "sapply" "replicate" "lm_each_subsample" ".f" "map" "blblm::blblm" 
"rmultinom" "lm_each_boot" "FUN" "lapply" "sapply" "replicate" "lm_each_subsample" ".f" "map" "blblm::blblm" 
"dim.data.frame" "dim" "dim" "ncol" "model.matrix.default" "model.matrix" "lm" "lm1" "lm_each_boot" "FUN" "lapply" "sapply" "replicate" "lm_each_subsample" ".f" "map" "blblm::blblm" 
"lm.wfit" "lm" "lm1" "lm_each_boot" "FUN" "lapply" "sapply" "replicate" "lm_each_subsample" ".f" "map" "blblm::blblm" 
"lm.wfit" "lm" "lm1" "lm_each_boot" "FUN" "lapply" "sapply" "replicate" "lm_each_subsample" ".f" "map" "blblm::blblm" 
"model.frame.default" "stats::model.frame" "eval" "eval" "lm" "lm1" "lm_each_boot" "FUN" "lapply" "sapply" "replicate" "lm_each_subsample" ".f" "map" "blblm::blblm" 
"is.na" "na.omit.data.frame" "na.omit" ".External2" "model.frame.default" "stats::model.frame" "eval" "eval" "lm" "lm1" "lm_each_boot" "FUN" "lapply" "sapply" "replicate" "lm_each_subsample" ".f" "map" "blblm::blblm" 
"lm.wfit" "lm" "lm1" "lm_each_boot" "FUN" "lapply" "sapply" "replicate" "lm_each_subsample" ".f" "map" "blblm::blblm" 
"[[" "na.omit.data.frame" "na.omit" ".External2" "model.frame.default" "stats::model.frame" "eval" "eval" "lm" "lm1" "lm_each_boot" "FUN" "lapply" "sapply" "replicate" "lm_each_subsample" ".f" "map" "blblm::blblm" 
"<Anonymous>" "[[.data.frame" "[[" "[.data.frame" "[" "na.omit.data.frame" "na.omit" ".External2" "model.frame.default" "stats::model.frame" "eval" "eval" "lm" "lm1" "lm_each_boot" "FUN" "lapply" "sapply" "replicate" "lm_each_subsample" ".f" "map" "blblm::blblm" 
".External2" "model.matrix.default" "model.matrix" "lm" "lm1" "lm_each_boot" "FUN" "lapply" "sapply" "replicate" "lm_each_subsample" ".f" "map" "blblm::blblm" 
"lm.wfit" "lm" "lm1" "lm_each_boot" "FUN" "lapply" "sapply" "replicate" "lm_each_subsample" ".f" "map" "blblm::blblm" 
"anyDuplicated" "[.data.frame" "[" "model.matrix.default" "model.matrix" "lm" "lm1" "lm_each_boot" "FUN" "lapply" "sapply" "replicate" "lm_each_subsample" ".f" "map" "blblm::blblm" 
"nargs" "[[.data.frame" "[[" "model.frame.default" "stats::model.frame" "eval" "eval" "lm" "lm1" "lm_each_boot" "FUN" "lapply" "sapply" "replicate" "lm_each_subsample" ".f" "map" "blblm::blblm" 
"lm.wfit" "lm" "lm1" "lm_each_boot" "FUN" "lapply" "sapply" "replicate" "lm_each_subsample" ".f" "map" "blblm::blblm" 
"lm.wfit" "lm" "lm1" "lm_each_boot" "FUN" "lapply" "sapply" "replicate" "lm_each_subsample" ".f" "map" "blblm::blblm" 
"lm.wfit" "lm" "lm1" "lm_each_boot" "FUN" "lapply" "sapply" "replicate" "lm_each_subsample" ".f" "map" "blblm::blblm" 
"lm.wfit" "lm" "lm1" "lm_each_boot" "FUN" "lapply" "sapply" "replicate" "lm_each_subsample" ".f" "map" "blblm::blblm" 
"lm.wfit" "lm" "lm1" "lm_each_boot" "FUN" "lapply" "sapply" "replicate" "lm_each_subsample" ".f" "map" "blblm::blblm" 
"[.data.frame" "[" "lapply" ".getXlevels" "lm" "lm1" "lm_each_boot" "FUN" "lapply" "sapply" "replicate" "lm_each_subsample" ".f" "map" "blblm::blblm" 
"lm.wfit" "lm" "lm1" "lm_each_boot" "FUN" "lapply" "sapply" "replicate" "lm_each_subsample" ".f" "map" "blblm::blblm" 
"na.omit.data.frame" "na.omit" ".External2" "model.frame.default" "stats::model.frame" "eval" "eval" "lm" "lm1" "lm_each_boot" "FUN" "lapply" "sapply" "replicate" "lm_each_subsample" ".f" "map" "blblm::blblm" 
"model.frame.default" "stats::model.frame" "eval" "eval" "lm" "lm1" "lm_each_boot" "FUN" "lapply" "sapply" "replicate" "lm_each_subsample" ".f" "map" "blblm::blblm" 
"<Anonymous>" "[[.data.frame" "[[" "model.matrix.default" "model.matrix" "lm" "lm1" "lm_each_boot" "FUN" "lapply" "sapply" "replicate" "lm_each_subsample" ".f" "map" "blblm::blblm" 
"lm.wfit" "lm" "lm1" "lm_each_boot" "FUN" "lapply" "sapply" "replicate" "lm_each_subsample" ".f" "map" "blblm::blblm" 
"lm.wfit" "lm" "lm1" "lm_each_boot" "FUN" "lapply" "sapply" "replicate" "lm_each_subsample" ".f" "map" "blblm::blblm" 
"lm.wfit" "lm" "lm1" "lm_each_boot" "FUN" "lapply" "sapply" "replicate" "lm_each_subsample" ".f" "map" "blblm::blblm" 
"makepredictcall" "model.frame.default" "stats::model.frame" "eval" "eval" "lm" "lm1" "lm_each_boot" "FUN" "lapply" "sapply" "replicate" "lm_each_subsample" ".f" "map" "blblm::blblm" 
"[[.data.frame" "[[" "[.data.frame" "[" "na.omit.data.frame" "na.omit" ".External2" "model.frame.default" "stats::model.frame" "eval" "eval" "lm" "lm1" "lm_each_boot" "FUN" "lapply" "sapply" "replicate" "lm_each_subsample" ".f" "map" "blblm::blblm" 
"%in%" ".deparseOpts" "deparse" "paste" "FUN" "vapply" "model.matrix.default" "model.matrix" "lm" "lm1" "lm_each_boot" "FUN" "lapply" "sapply" "replicate" "lm_each_subsample" ".f" "map" "blblm::blblm" 
"paste" "FUN" "vapply" "model.matrix.default" "model.matrix" "lm" "lm1" "lm_each_boot" "FUN" "lapply" "sapply" "replicate" "lm_each_subsample" ".f" "map" "blblm::blblm" 
"sys.call" "%in%" "[[.data.frame" "[[" "model.frame.default" "stats::model.frame" "eval" "eval" "lm" "lm1" "lm_each_boot" "FUN" "lapply" "sapply" "replicate" "lm_each_subsample" ".f" "map" "blblm::blblm" 
"lm.wfit" "lm" "lm1" "lm_each_boot" "FUN" "lapply" "sapply" "replicate" "lm_each_subsample" ".f" "map" "blblm::blblm" 
"paste" "FUN" "vapply" ".getXlevels" "lm" "lm1" "lm_each_boot" "FUN" "lapply" "sapply" "replicate" "lm_each_subsample" ".f" "map" "blblm::blblm" 
"any" ".deparseOpts" "deparse" "paste" "FUN" "vapply" ".getXlevels" "lm" "lm1" "lm_each_boot" "FUN" "lapply" "sapply" "replicate" "lm_each_subsample" ".f" "map" "blblm::blblm" 
"model.extract" "blbsigma" "lm1" "lm_each_boot" "FUN" "lapply" "sapply" "replicate" "lm_each_subsample" ".f" "map" "blblm::blblm" 
"%in%" "[[.data.frame" "[[" "na.omit.data.frame" "na.omit" ".External2" "model.frame.default" "stats::model.frame" "eval" "eval" "lm" "lm1" "lm_each_boot" "FUN" "lapply" "sapply" "replicate" "lm_each_subsample" ".f" "map" "blblm::blblm" 
"lm.wfit" "lm" "lm1" "lm_each_boot" "FUN" "lapply" "sapply" "replicate" "lm_each_subsample" ".f" "map" "blblm::blblm" 
"asNamespace" "getExportedValue" "::" "eval" "eval" "lm" "lm1" "lm_each_boot" "FUN" "lapply" "sapply" "replicate" "lm_each_subsample" ".f" "map" "blblm::blblm" 
"lm.wfit" "lm" "lm1" "lm_each_boot" "FUN" "lapply" "sapply" "replicate" "lm_each_subsample" ".f" "map" "blblm::blblm" 
"lm.wfit" "lm" "lm1" "lm_each_boot" "FUN" "lapply" "sapply" "replicate" "lm_each_subsample" ".f" "map" "blblm::blblm" 
"lm.wfit" "lm" "lm1" "lm_each_boot" "FUN" "lapply" "sapply" "replicate" "lm_each_subsample" ".f" "map" "blblm::blblm" 
"lm.wfit" "lm" "lm1" "lm_each_boot" "FUN" "lapply" "sapply" "replicate" "lm_each_subsample" ".f" "map" "blblm::blblm" 
"lm.wfit" "lm" "lm1" "lm_each_boot" "FUN" "lapply" "sapply" "replicate" "lm_each_subsample" ".f" "map" "blblm::blblm" 
"lm.wfit" "lm" "lm1" "lm_each_boot" "FUN" "lapply" "sapply" "replicate" "lm_each_subsample" ".f" "map" "blblm::blblm" 
"deparse" "paste" "FUN" "vapply" "model.frame.default" "stats::model.frame" "eval" "eval" "lm" "lm1" "lm_each_boot" "FUN" "lapply" "sapply" "replicate" "lm_each_subsample" ".f" "map" "blblm::blblm" 
"lm.wfit" "lm" "lm1" "lm_each_boot" "FUN" "lapply" "sapply" "replicate" "lm_each_subsample" ".f" "map" "blblm::blblm" 
"paste" "FUN" "vapply" "model.frame.default" "stats::model.frame" "eval" "eval" "lm" "lm1" "lm_each_boot" "FUN" "lapply" "sapply" "replicate" "lm_each_subsample" ".f" "map" "blblm::blblm" 
"pmatch" ".deparseOpts" "deparse" "paste" "FUN" "vapply" "model.matrix.default" "model.matrix" "lm" "lm1" "lm_each_boot" "FUN" "lapply" "sapply" "replicate" "lm_each_subsample" ".f" "map" "blblm::blblm" 
".deparseOpts" "deparse" "paste" "FUN" "vapply" "model.matrix.default" "model.matrix" "lm" "lm1" "lm_each_boot" "FUN" "lapply" "sapply" "replicate" "lm_each_subsample" ".f" "map" "blblm::blblm" 
"vapply" "model.matrix.default" "model.matrix" "lm" "lm1" "lm_each_boot" "FUN" "lapply" "sapply" "replicate" "lm_each_subsample" ".f" "map" "blblm::blblm" 
".deparseOpts" "deparse" "paste" "FUN" "vapply" "model.frame.default" "stats::model.frame" "eval" "eval" "lm" "lm1" "lm_each_boot" "FUN" "lapply" "sapply" "replicate" "lm_each_subsample" ".f" "map" "blblm::blblm" 
"[[" "[.data.frame" "[" "na.omit.data.frame" "na.omit" ".External2" "model.frame.default" "stats::model.frame" "eval" "eval" "lm" "lm1" "lm_each_boot" "FUN" "lapply" "sapply" "replicate" "lm_each_subsample" ".f" "map" "blblm::blblm" 
"[[.data.frame" "[[" "model.matrix.default" "model.matrix" "lm" "lm1" "lm_each_boot" "FUN" "lapply" "sapply" "replicate" "lm_each_subsample" ".f" "map" "blblm::blblm" 
"lm.wfit" "lm" "lm1" "lm_each_boot" "FUN" "lapply" "sapply" "replicate" "lm_each_subsample" ".f" "map" "blblm::blblm" 
"lm.wfit" "lm" "lm1" "lm_each_boot" "FUN" "lapply" "sapply" "replicate" "lm_each_subsample" ".f" "map" "blblm::blblm" 
".subset2" "<Anonymous>" "[[.data.frame" "[[" "[.data.frame" "[" "na.omit.data.frame" "na.omit" ".External2" "model.frame.default" "stats::model.frame" "eval" "eval" "lm" "lm1" "lm_each_boot" "FUN" "lapply" "sapply" "replicate" "lm_each_subsample" ".f" "map" "blblm::blblm" 
"lm.wfit" "lm" "lm1" "lm_each_boot" "FUN" "lapply" "sapply" "replicate" "lm_each_subsample" ".f" "map" "blblm::blblm" 
"lm.wfit" "lm" "lm1" "lm_each_boot" "FUN" "lapply" "sapply" "replicate" "lm_each_subsample" ".f" "map" "blblm::blblm" 
"rmultinom" "lm_each_boot" "FUN" "lapply" "sapply" "replicate" "lm_each_subsample" ".f" "map" "blblm::blblm" 
"lm.wfit" "lm" "lm1" "lm_each_boot" "FUN" "lapply" "sapply" "replicate" "lm_each_subsample" ".f" "map" "blblm::blblm" 
"lm.wfit" "lm" "lm1" "lm_each_boot" "FUN" "lapply" "sapply" "replicate" "lm_each_subsample" ".f" "map" "blblm::blblm" 
"lm.wfit" "lm" "lm1" "lm_each_boot" "FUN" "lapply" "sapply" "replicate" "lm_each_subsample" ".f" "map" "blblm::blblm" 
"c" ".deparseOpts" "deparse" "paste" "FUN" "vapply" ".getXlevels" "lm" "lm1" "lm_each_boot" "FUN" "lapply" "sapply" "replicate" "lm_each_subsample" ".f" "map" "blblm::blblm" 
".deparseOpts" "deparse" "paste" "FUN" "vapply" "model.frame.default" "stats::model.frame" "eval" "eval" "lm" "lm1" "lm_each_boot" "FUN" "lapply" "sapply" "replicate" "lm_each_subsample" ".f" "map" "blblm::blblm" 
"lm.wfit" "lm" "lm1" "lm_each_boot" "FUN" "lapply" "sapply" "replicate" "lm_each_subsample" ".f" "map" "blblm::blblm" 
"lm.wfit" "lm" "lm1" "lm_each_boot" "FUN" "lapply" "sapply" "replicate" "lm_each_subsample" ".f" "map" "blblm::blblm" 
"lm.wfit" "lm" "lm1" "lm_each_boot" "FUN" "lapply" "sapply" "replicate" "lm_each_subsample" ".f" "map" "blblm::blblm" 
"vapply" "model.frame.default" "stats::model.frame" "eval" "eval" "lm" "lm1" "lm_each_boot" "FUN" "lapply" "sapply" "replicate" "lm_each_subsample" ".f" "map" "blblm::blblm" 
"lm.wfit" "lm" "lm1" "lm_each_boot" "FUN" "lapply" "sapply" "replicate" "lm_each_subsample" ".f" "map" "blblm::blblm" 
".deparseOpts" "deparse" "paste" "FUN" "vapply" ".getXlevels" "lm" "lm1" "lm_each_boot" "FUN" "lapply" "sapply" "replicate" "lm_each_subsample" ".f" "map" "blblm::blblm" 
"structure" "lm.wfit" "lm" "lm1" "lm_each_boot" "FUN" "lapply" "sapply" "replicate" "lm_each_subsample" ".f" "map" "blblm::blblm" 
".External" "terms.formula" "terms" "model.frame.default" "stats::model.frame" "eval" "eval" "lm" "lm1" "lm_each_boot" "FUN" "lapply" "sapply" "replicate" "lm_each_subsample" ".f" "map" "blblm::blblm" 
"is.na" "na.omit.data.frame" "na.omit" ".External2" "model.frame.default" "stats::model.frame" "eval" "eval" "lm" "lm1" "lm_each_boot" "FUN" "lapply" "sapply" "replicate" "lm_each_subsample" ".f" "map" "blblm::blblm" 
"lm.wfit" "lm" "lm1" "lm_each_boot" "FUN" "lapply" "sapply" "replicate" "lm_each_subsample" ".f" "map" "blblm::blblm" 
"lm.wfit" "lm" "lm1" "lm_each_boot" "FUN" "lapply" "sapply" "replicate" "lm_each_subsample" ".f" "map" "blblm::blblm" 
"deparse" "paste" "FUN" "vapply" ".getXlevels" "lm" "lm1" "lm_each_boot" "FUN" "lapply" "sapply" "replicate" "lm_each_subsample" ".f" "map" "blblm::blblm" 
"[[" "na.omit.data.frame" "na.omit" ".External2" "model.frame.default" "stats::model.frame" "eval" "eval" "lm" "lm1" "lm_each_boot" "FUN" "lapply" "sapply" "replicate" "lm_each_subsample" ".f" "map" "blblm::blblm" 
"lm.wfit" "lm" "lm1" "lm_each_boot" "FUN" "lapply" "sapply" "replicate" "lm_each_subsample" ".f" "map" "blblm::blblm" 
"lm.wfit" "lm" "lm1" "lm_each_boot" "FUN" "lapply" "sapply" "replicate" "lm_each_subsample" ".f" "map" "blblm::blblm" 
"lm.wfit" "lm" "lm1" "lm_each_boot" "FUN" "lapply" "sapply" "replicate" "lm_each_subsample" ".f" "map" "blblm::blblm" 
"paste" "FUN" "vapply" ".getXlevels" "lm" "lm1" "lm_each_boot" "FUN" "lapply" "sapply" "replicate" "lm_each_subsample" ".f" "map" "blblm::blblm" 
"[.data.frame" "[" "na.omit.data.frame" "na.omit" ".External2" "model.frame.default" "stats::model.frame" "eval" "eval" "lm" "lm1" "lm_each_boot" "FUN" "lapply" "sapply" "replicate" "lm_each_subsample" ".f" "map" "blblm::blblm" 
"lm.wfit" "lm" "lm1" "lm_each_boot" "FUN" "lapply" "sapply" "replicate" "lm_each_subsample" ".f" "map" "blblm::blblm" 
"logical" "na.omit.data.frame" "na.omit" ".External2" "model.frame.default" "stats::model.frame" "eval" "eval" "lm" "lm1" "lm_each_boot" "FUN" "lapply" "sapply" "replicate" "lm_each_subsample" ".f" "map" "blblm::blblm" 
"lm.wfit" "lm" "lm1" "lm_each_boot" "FUN" "lapply" "sapply" "replicate" "lm_each_subsample" ".f" "map" "blblm::blblm" 
"lm.wfit" "lm" "lm1" "lm_each_boot" "FUN" "lapply" "sapply" "replicate" "lm_each_subsample" ".f" "map" "blblm::blblm" 
"vapply" ".getXlevels" "lm" "lm1" "lm_each_boot" "FUN" "lapply" "sapply" "replicate" "lm_each_subsample" ".f" "map" "blblm::blblm" 
"model.frame.default" "stats::model.frame" "eval" "eval" "lm" "lm1" "lm_each_boot" "FUN" "lapply" "sapply" "replicate" "lm_each_subsample" ".f" "map" "blblm::blblm" 
"[.data.frame" "[" "na.omit.data.frame" "na.omit" ".External2" "model.frame.default" "stats::model.frame" "eval" "eval" "lm" "lm1" "lm_each_boot" "FUN" "lapply" "sapply" "replicate" "lm_each_subsample" ".f" "map" "blblm::blblm" 
"any" "lm.wfit" "lm" "lm1" "lm_each_boot" "FUN" "lapply" "sapply" "replicate" "lm_each_subsample" ".f" "map" "blblm::blblm" 
"makepredictcall" "model.frame.default" "stats::model.frame" "eval" "eval" "lm" "lm1" "lm_each_boot" "FUN" "lapply" "sapply" "replicate" "lm_each_subsample" ".f" "map" "blblm::blblm" 
"model.frame.default" "stats::model.frame" "eval" "eval" "lm" "lm1" "lm_each_boot" "FUN" "lapply" "sapply" "replicate" "lm_each_subsample" ".f" "map" "blblm::blblm" 
"lm.wfit" "lm" "lm1" "lm_each_boot" "FUN" "lapply" "sapply" "replicate" "lm_each_subsample" ".f" "map" "blblm::blblm" 
"lm.wfit" "lm" "lm1" "lm_each_boot" "FUN" "lapply" "sapply" "replicate" "lm_each_subsample" ".f" "map" "blblm::blblm" 
"lm.wfit" "lm" "lm1" "lm_each_boot" "FUN" "lapply" "sapply" "replicate" "lm_each_subsample" ".f" "map" "blblm::blblm" 
"%in%" ".deparseOpts" "deparse" "paste" "FUN" "vapply" "model.frame.default" "stats::model.frame" "eval" "eval" "lm" "lm1" "lm_each_boot" "FUN" "lapply" "sapply" "replicate" "lm_each_subsample" ".f" "map" "blblm::blblm" 
"lm.wfit" "lm" "lm1" "lm_each_boot" "FUN" "lapply" "sapply" "replicate" "lm_each_subsample" ".f" "map" "blblm::blblm" 
"lm.wfit" "lm" "lm1" "lm_each_boot" "FUN" "lapply" "sapply" "replicate" "lm_each_subsample" ".f" "map" "blblm::blblm" 
"pmatch" ".deparseOpts" "deparse" "paste" "FUN" "vapply" "model.frame.default" "stats::model.frame" "eval" "eval" "lm" "lm1" "lm_each_boot" "FUN" "lapply" "sapply" "replicate" "lm_each_subsample" ".f" "map" "blblm::blblm" 
"is.na" "na.omit.data.frame" "na.omit" ".External2" "model.frame.default" "stats::model.frame" "eval" "eval" "lm" "lm1" "lm_each_boot" "FUN" "lapply" "sapply" "replicate" "lm_each_subsample" ".f" "map" "blblm::blblm" 
"lm.wfit" "lm" "lm1" "lm_each_boot" "FUN" "lapply" "sapply" "replicate" "lm_each_subsample" ".f" "map" "blblm::blblm" 
"[.data.frame" "[" "na.omit.data.frame" "na.omit" ".External2" "model.frame.default" "stats::model.frame" "eval" "eval" "lm" "lm1" "lm_each_boot" "FUN" "lapply" "sapply" "replicate" "lm_each_subsample" ".f" "map" "blblm::blblm" 
"%in%" "[[.data.frame" "[[" "model.frame.default" "stats::model.frame" "eval" "eval" "lm" "lm1" "lm_each_boot" "FUN" "lapply" "sapply" "replicate" "lm_each_subsample" ".f" "map" "blblm::blblm" 
"lm.wfit" "lm" "lm1" "lm_each_boot" "FUN" "lapply" "sapply" "replicate" "lm_each_subsample" ".f" "map" "blblm::blblm" 
".External" "terms.formula" "terms" "model.frame.default" "stats::model.frame" "eval" "eval" "lm" "lm1" "lm_each_boot" "FUN" "lapply" "sapply" "replicate" "lm_each_subsample" ".f" "map" "blblm::blblm" 
"deparse" "paste" "FUN" "vapply" "model.frame.default" "stats::model.frame" "eval" "eval" "lm" "lm1" "lm_each_boot" "FUN" "lapply" "sapply" "replicate" "lm_each_subsample" ".f" "map" "blblm::blblm" 
"paste" "FUN" "vapply" "model.matrix.default" "model.matrix" "lm" "lm1" "lm_each_boot" "FUN" "lapply" "sapply" "replicate" "lm_each_subsample" ".f" "map" "blblm::blblm" 
"paste" "FUN" "vapply" "model.frame.default" "stats::model.frame" "eval" "eval" "lm" "lm1" "lm_each_boot" "FUN" "lapply" "sapply" "replicate" "lm_each_subsample" ".f" "map" "blblm::blblm" 
"model.response" "lm" "lm1" "lm_each_boot" "FUN" "lapply" "sapply" "replicate" "lm_each_subsample" ".f" "map" "blblm::blblm" 
"lm.wfit" "lm" "lm1" "lm_each_boot" "FUN" "lapply" "sapply" "replicate" "lm_each_subsample" ".f" "map" "blblm::blblm" 
"lm.wfit" "lm" "lm1" "lm_each_boot" "FUN" "lapply" "sapply" "replicate" "lm_each_subsample" ".f" "map" "blblm::blblm" 
"[[" "na.omit.data.frame" "na.omit" ".External2" "model.frame.default" "stats::model.frame" "eval" "eval" "lm" "lm1" "lm_each_boot" "FUN" "lapply" "sapply" "replicate" "lm_each_subsample" ".f" "map" "blblm::blblm" 
"lm.wfit" "lm" "lm1" "lm_each_boot" "FUN" "lapply" "sapply" "replicate" "lm_each_subsample" ".f" "map" "blblm::blblm" 
".deparseOpts" "deparse" "paste" "FUN" "vapply" ".getXlevels" "lm" "lm1" "lm_each_boot" "FUN" "lapply" "sapply" "replicate" "lm_each_subsample" ".f" "map" "blblm::blblm" 
"deparse" "paste" "FUN" "vapply" ".getXlevels" "lm" "lm1" "lm_each_boot" "FUN" "lapply" "sapply" "replicate" "lm_each_subsample" ".f" "map" "blblm::blblm" 
"is.factor" "FUN" "vapply" "model.frame.default" "stats::model.frame" "eval" "eval" "lm" "lm1" "lm_each_boot" "FUN" "lapply" "sapply" "replicate" "lm_each_subsample" ".f" "map" "blblm::blblm" 
"<Anonymous>" "[[.data.frame" "[[" "model.matrix.default" "model.matrix" "lm" "lm1" "lm_each_boot" "FUN" "lapply" "sapply" "replicate" "lm_each_subsample" ".f" "map" "blblm::blblm" 
"[.data.frame" "[" "na.omit.data.frame" "na.omit" ".External2" "model.frame.default" "stats::model.frame" "eval" "eval" "lm" "lm1" "lm_each_boot" "FUN" "lapply" "sapply" "replicate" "lm_each_subsample" ".f" "map" "blblm::blblm" 
"pmatch" ".deparseOpts" "deparse" "paste" "FUN" "vapply" "model.frame.default" "stats::model.frame" "eval" "eval" "lm" "lm1" "lm_each_boot" "FUN" "lapply" "sapply" "replicate" "lm_each_subsample" ".f" "map" "blblm::blblm" 
"lm.wfit" "lm" "lm1" "lm_each_boot" "FUN" "lapply" "sapply" "replicate" "lm_each_subsample" ".f" "map" "blblm::blblm" 
"coef" "blbcoef" "lm1" "lm_each_boot" "FUN" "lapply" "sapply" "replicate" "lm_each_subsample" ".f" "map" "blblm::blblm" 
"[[.data.frame" "[[" "na.omit.data.frame" "na.omit" ".External2" "model.frame.default" "stats::model.frame" "eval" "eval" "lm" "lm1" "lm_each_boot" "FUN" "lapply" "sapply" "replicate" "lm_each_subsample" ".f" "map" "blblm::blblm" 
".deparseOpts" "deparse" "paste" "FUN" "vapply" "model.matrix.default" "model.matrix" "lm" "lm1" "lm_each_boot" "FUN" "lapply" "sapply" "replicate" "lm_each_subsample" ".f" "map" "blblm::blblm" 
"lm.wfit" "lm" "lm1" "lm_each_boot" "FUN" "lapply" "sapply" "replicate" "lm_each_subsample" ".f" "map" "blblm::blblm" 
"environment" "terms.formula" "terms" "model.frame.default" "stats::model.frame" "eval" "eval" "lm" "lm1" "lm_each_boot" "FUN" "lapply" "sapply" "replicate" "lm_each_subsample" ".f" "map" "blblm::blblm" 
"sys.call" "%in%" "[[.data.frame" "[[" "[.data.frame" "[" "na.omit.data.frame" "na.omit" ".External2" "model.frame.default" "stats::model.frame" "eval" "eval" "lm" "lm1" "lm_each_boot" "FUN" "lapply" "sapply" "replicate" "lm_each_subsample" ".f" "map" "blblm::blblm" 
"lm.wfit" "lm" "lm1" "lm_each_boot" "FUN" "lapply" "sapply" "replicate" "lm_each_subsample" ".f" "map" "blblm::blblm" 
"sys.call" "%in%" "[[.data.frame" "[[" "model.frame.default" "stats::model.frame" "eval" "eval" "lm" "lm1" "lm_each_boot" "FUN" "lapply" "sapply" "replicate" "lm_each_subsample" ".f" "map" "blblm::blblm" 
"lm.wfit" "lm" "lm1" "lm_each_boot" "FUN" "lapply" "sapply" "replicate" "lm_each_subsample" ".f" "map" "blblm::blblm" 
"pmatch" ".deparseOpts" "deparse" "paste" "FUN" "vapply" "model.frame.default" "stats::model.frame" "eval" "eval" "lm" "lm1" "lm_each_boot" "FUN" "lapply" "sapply" "replicate" "lm_each_subsample" ".f" "map" "blblm::blblm" 
"[[" "[.data.frame" "[" "na.omit.data.frame" "na.omit" ".External2" "model.frame.default" "stats::model.frame" "eval" "eval" "lm" "lm1" "lm_each_boot" "FUN" "lapply" "sapply" "replicate" "lm_each_subsample" ".f" "map" "blblm::blblm" 
"[[" "model.matrix.default" "model.matrix" "lm" "lm1" "lm_each_boot" "FUN" "lapply" "sapply" "replicate" "lm_each_subsample" ".f" "map" "blblm::blblm" 
".External" "terms.formula" "terms" "model.frame.default" "stats::model.frame" "eval" "eval" "lm" "lm1" "lm_each_boot" "FUN" "lapply" "sapply" "replicate" "lm_each_subsample" ".f" "map" "blblm::blblm" 
"%in%" "[[.data.frame" "[[" "[.data.frame" "[" "na.omit.data.frame" "na.omit" ".External2" "model.frame.default" "stats::model.frame" "eval" "eval" "lm" "lm1" "lm_each_boot" "FUN" "lapply" "sapply" "replicate" "lm_each_subsample" ".f" "map" "blblm::blblm" 
"sum" ".deparseOpts" "deparse" "paste" "FUN" "vapply" "model.matrix.default" "model.matrix" "lm" "lm1" "lm_each_boot" "FUN" "lapply" "sapply" "replicate" "lm_each_subsample" ".f" "map" "blblm::blblm" 
"lm.wfit" "lm" "lm1" "lm_each_boot" "FUN" "lapply" "sapply" "replicate" "lm_each_subsample" ".f" "map" "blblm::blblm" 
"names" "names" "model.matrix.default" "model.matrix" "lm" "lm1" "lm_each_boot" "FUN" "lapply" "sapply" "replicate" "lm_each_subsample" ".f" "map" "blblm::blblm" 
"lm.wfit" "lm" "lm1" "lm_each_boot" "FUN" "lapply" "sapply" "replicate" "lm_each_subsample" ".f" "map" "blblm::blblm" 
"lm.wfit" "lm" "lm1" "lm_each_boot" "FUN" "lapply" "sapply" "replicate" "lm_each_subsample" ".f" "map" "blblm::blblm" 
"coef" "blbcoef" "lm1" "lm_each_boot" "FUN" "lapply" "sapply" "replicate" "lm_each_subsample" ".f" "map" "blblm::blblm" 
"lm.wfit" "lm" "lm1" "lm_each_boot" "FUN" "lapply" "sapply" "replicate" "lm_each_subsample" ".f" "map" "blblm::blblm" 
"paste" "FUN" "vapply" "model.matrix.default" "model.matrix" "lm" "lm1" "lm_each_boot" "FUN" "lapply" "sapply" "replicate" "lm_each_subsample" ".f" "map" "blblm::blblm" 
"lm.wfit" "lm" "lm1" "lm_each_boot" "FUN" "lapply" "sapply" "replicate" "lm_each_subsample" ".f" "map" "blblm::blblm" 
"paste" "FUN" "vapply" ".getXlevels" "lm" "lm1" "lm_each_boot" "FUN" "lapply" "sapply" "replicate" "lm_each_subsample" ".f" "map" "blblm::blblm" 
"lm.wfit" "lm" "lm1" "lm_each_boot" "FUN" "lapply" "sapply" "replicate" "lm_each_subsample" ".f" "map" "blblm::blblm" 
"lm.wfit" "lm" "lm1" "lm_each_boot" "FUN" "lapply" "sapply" "replicate" "lm_each_subsample" ".f" "map" "blblm::blblm" 
"$" "blbsigma" "lm1" "lm_each_boot" "FUN" "lapply" "sapply" "replicate" "lm_each_subsample" ".f" "map" "blblm::blblm" 
"[[" "model.frame.default" "stats::model.frame" "eval" "eval" "lm" "lm1" "lm_each_boot" "FUN" "lapply" "sapply" "replicate" "lm_each_subsample" ".f" "map" "blblm::blblm" 
".External2" "model.matrix.default" "model.matrix" "lm" "lm1" "lm_each_boot" "FUN" "lapply" "sapply" "replicate" "lm_each_subsample" ".f" "map" "blblm::blblm" 
"lm.wfit" "lm" "lm1" "lm_each_boot" "FUN" "lapply" "sapply" "replicate" "lm_each_subsample" ".f" "map" "blblm::blblm" 
"rmultinom" "lm_each_boot" "FUN" "lapply" "sapply" "replicate" "lm_each_subsample" ".f" "map" "blblm::blblm" 
"lm.wfit" "lm" "lm1" "lm_each_boot" "FUN" "lapply" "sapply" "replicate" "lm_each_subsample" ".f" "map" "blblm::blblm" 
"lm.wfit" "lm" "lm1" "lm_each_boot" "FUN" "lapply" "sapply" "replicate" "lm_each_subsample" ".f" "map" "blblm::blblm" 
"deparse" "paste" "FUN" "vapply" "model.frame.default" "stats::model.frame" "eval" "eval" "lm" "lm1" "lm_each_boot" "FUN" "lapply" "sapply" "replicate" "lm_each_subsample" ".f" "map" "blblm::blblm" 
"lm.wfit" "lm" "lm1" "lm_each_boot" "FUN" "lapply" "sapply" "replicate" "lm_each_subsample" ".f" "map" "blblm::blblm" 
"lm.wfit" "lm" "lm1" "lm_each_boot" "FUN" "lapply" "sapply" "replicate" "lm_each_subsample" ".f" "map" "blblm::blblm" 
"%in%" ".deparseOpts" "deparse" "paste" "FUN" "vapply" ".getXlevels" "lm" "lm1" "lm_each_boot" "FUN" "lapply" "sapply" "replicate" "lm_each_subsample" ".f" "map" "blblm::blblm" 
".External2" "model.matrix.default" "model.matrix" "lm" "lm1" "lm_each_boot" "FUN" "lapply" "sapply" "replicate" "lm_each_subsample" ".f" "map" "blblm::blblm" 
"lm.wfit" "lm" "lm1" "lm_each_boot" "FUN" "lapply" "sapply" "replicate" "lm_each_subsample" ".f" "map" "blblm::blblm" 
"lm.wfit" "lm" "lm1" "lm_each_boot" "FUN" "lapply" "sapply" "replicate" "lm_each_subsample" ".f" "map" "blblm::blblm" 
"%in%" "[[.data.frame" "[[" "[.data.frame" "[" "na.omit.data.frame" "na.omit" ".External2" "model.frame.default" "stats::model.frame" "eval" "eval" "lm" "lm1" "lm_each_boot" "FUN" "lapply" "sapply" "replicate" "lm_each_subsample" ".f" "map" "blblm::blblm" 
"lm.wfit" "lm" "lm1" "lm_each_boot" "FUN" "lapply" "sapply" "replicate" "lm_each_subsample" ".f" "map" "blblm::blblm" 
".External2" "model.matrix.default" "model.matrix" "lm" "lm1" "lm_each_boot" "FUN" "lapply" "sapply" "replicate" "lm_each_subsample" ".f" "map" "blblm::blblm" 
"$<-" "lm" "lm1" "lm_each_boot" "FUN" "lapply" "sapply" "replicate" "lm_each_subsample" ".f" "map" "blblm::blblm" 
